{"level":"info","message":"OPTIONS /v1/nft-transaction/get-transactions?filters=&sort={}&page=1&size=10","timestamp":"2023-04-24T14:43:34.078Z"}
{"level":"info","message":"GET /v1/nft-transaction/get-transactions?filters=&sort={}&page=1&size=10","timestamp":"2023-04-24T14:43:34.094Z"}
{"level":"info","message":"GET /v1/nft-transaction/get-transactions?filters=&sort={}&page=1&size=10","timestamp":"2023-04-24T14:43:34.179Z"}
{"level":"info","message":"OPTIONS /v1/nft-transaction/get-transactions?filters=&sort={}&page=1&size=10","timestamp":"2023-04-24T14:44:10.531Z"}
{"level":"info","message":"GET /v1/nft-transaction/get-transactions?filters=&sort={}&page=1&size=10","timestamp":"2023-04-24T14:44:10.535Z"}
{"level":"info","message":"GET /v1/nft-transaction/get-transactions?filters=&sort={}&page=1&size=10","timestamp":"2023-04-24T14:44:10.624Z"}
{"level":"info","message":"OPTIONS /v1/nft-transaction/get-transactions?filters=&sort={}&page=1&size=10","timestamp":"2023-04-24T14:44:39.965Z"}
{"level":"info","message":"GET /v1/nft-transaction/get-transactions?filters=&sort={}&page=1&size=10","timestamp":"2023-04-24T14:44:39.974Z"}
{"level":"info","message":"GET /v1/nft-transaction/get-transactions?filters=&sort={}&page=1&size=10","timestamp":"2023-04-24T14:44:40.118Z"}
{"level":"info","message":"OPTIONS /v1/nft-transaction/get-transactions?filters={%22transactionType%22:%22Burn%22}&sort={}&page=1&size=10","timestamp":"2023-04-24T14:44:45.127Z"}
{"level":"info","message":"GET /v1/nft-transaction/get-transactions?filters={%22transactionType%22:%22Burn%22}&sort={}&page=1&size=10","timestamp":"2023-04-24T14:44:45.132Z"}
{"level":"info","message":"OPTIONS /v1/nft-transaction/get-transactions?filters={%22transactionType%22:%22Mint%22}&sort={}&page=1&size=10","timestamp":"2023-04-24T14:44:48.675Z"}
{"level":"info","message":"GET /v1/nft-transaction/get-transactions?filters={%22transactionType%22:%22Mint%22}&sort={}&page=1&size=10","timestamp":"2023-04-24T14:44:48.679Z"}
{"level":"info","message":"OPTIONS /v1/nft-transaction/get-transaction?transactionHash=0xff06018521475d2874ba0053a1b7bf1f045d840f742f002f402799ef76c35dae","timestamp":"2023-04-24T14:49:45.493Z"}
{"level":"info","message":"GET /v1/nft-transaction/get-transaction?transactionHash=0xff06018521475d2874ba0053a1b7bf1f045d840f742f002f402799ef76c35dae","timestamp":"2023-04-24T14:49:45.519Z"}
{"level":"info","message":"OPTIONS /v1/nft-transaction/get-transaction?transactionHash=0xff06018521475d2874ba0053a1b7bf1f045d840f742f002f402799ef76c35dae","timestamp":"2023-04-24T14:50:03.577Z"}
{"level":"info","message":"GET /v1/nft-transaction/get-transaction?transactionHash=0xff06018521475d2874ba0053a1b7bf1f045d840f742f002f402799ef76c35dae","timestamp":"2023-04-24T14:50:03.581Z"}
{"level":"info","message":"GET /v1/admin-dashboard/get-performance-data","timestamp":"2023-04-24T15:46:53.894Z"}
{"level":"info","message":"GET /favicon.ico","timestamp":"2023-04-24T15:46:54.486Z"}
{"level":"info","message":"GET /v1/admin-dashboard/get-performance-data","timestamp":"2023-04-24T15:46:56.348Z"}
{"level":"info","message":"GET /favicon.ico","timestamp":"2023-04-24T15:46:56.819Z"}
{"level":"info","message":"GET /v1/admin-dashboard/get-performance-data","timestamp":"2023-04-24T15:46:59.578Z"}
{"level":"info","message":"GET /images/icons/gear.png","timestamp":"2023-04-24T15:46:59.879Z"}
{"level":"info","message":"GET /favicon.ico","timestamp":"2023-04-24T15:47:00.780Z"}
{"level":"info","message":"GET /v1/admin-dashboard/get-performance-data","timestamp":"2023-04-24T15:47:10.415Z"}
{"level":"info","message":"GET /images/icons/gear.png","timestamp":"2023-04-24T15:47:10.606Z"}
{"level":"info","message":"GET /favicon.ico","timestamp":"2023-04-24T15:47:10.756Z"}
{"level":"info","message":"GET /v1/admin-dashboard/get-performance-data","timestamp":"2023-05-02T13:16:35.668Z"}
{"level":"info","message":"GET /v1/nft/get-nft-generation-cost","timestamp":"2023-05-02T13:16:35.694Z"}
{"level":"info","message":"GET /v1/admin-dashboard/get-performance-data","timestamp":"2023-05-02T13:16:35.743Z"}
{"level":"info","message":"GET /v1/admin-dashboard/get-performance-data","timestamp":"2023-05-02T13:19:13.738Z"}
{"level":"info","message":"OPTIONS /v1/user/initial-login","timestamp":"2023-05-02T13:19:24.339Z"}
{"level":"info","message":"POST /v1/user/initial-login","timestamp":"2023-05-02T13:19:24.632Z"}
{"level":"info","message":"OPTIONS /v1/user/login","timestamp":"2023-05-02T13:19:36.621Z"}
{"level":"info","message":"POST /v1/user/login","timestamp":"2023-05-02T13:19:36.639Z"}
{"level":"info","message":"OPTIONS /v1/template?filters={}&sort={}&page=1&size=1000","timestamp":"2023-05-02T13:19:39.878Z"}
{"level":"info","message":"GET /v1/template?filters={}&sort={}&page=1&size=1000","timestamp":"2023-05-02T13:19:39.897Z"}
{"level":"info","message":"OPTIONS /v1/nft/mint-nft","timestamp":"2023-05-02T13:22:12.120Z"}
{"level":"info","message":"POST /v1/nft/mint-nft","timestamp":"2023-05-02T13:22:12.234Z"}
{"level":"info","message":"OPTIONS /v1/nft/mint-nft","timestamp":"2023-05-02T13:30:43.356Z"}
{"level":"info","message":"POST /v1/nft/mint-nft","timestamp":"2023-05-02T13:30:43.440Z"}
{"level":"info","message":"OPTIONS /v1/nft/mint-nft","timestamp":"2023-05-02T13:35:39.080Z"}
{"level":"info","message":"POST /v1/nft/mint-nft","timestamp":"2023-05-02T13:35:39.180Z"}
{"level":"info","message":"OPTIONS /v1/nft/mint-nft","timestamp":"2023-05-02T13:36:14.690Z"}
{"level":"info","message":"POST /v1/nft/mint-nft","timestamp":"2023-05-02T13:36:14.730Z"}
{"level":"info","message":"OPTIONS /v1/nft/mint-nft","timestamp":"2023-05-02T13:43:40.626Z"}
{"level":"info","message":"POST /v1/nft/mint-nft","timestamp":"2023-05-02T13:43:40.742Z"}
{"level":"info","message":"OPTIONS /v1/nft/mint-nft","timestamp":"2023-05-02T13:49:22.503Z"}
{"level":"info","message":"POST /v1/nft/mint-nft","timestamp":"2023-05-02T13:49:22.657Z"}
{"level":"error","message":"Invalid ApiKey","timestamp":"2023-05-02T13:49:22.831Z"}
{"level":"info","message":"OPTIONS /v1/nft/mint-nft","timestamp":"2023-05-02T13:56:18.047Z"}
{"level":"info","message":"POST /v1/nft/mint-nft","timestamp":"2023-05-02T13:56:18.150Z"}
{"level":"info","message":"OPTIONS /v1/nft/mint-nft","timestamp":"2023-05-02T13:56:33.017Z"}
{"level":"info","message":"POST /v1/nft/mint-nft","timestamp":"2023-05-02T13:56:33.026Z"}
{"level":"info","message":"OPTIONS /v1/nft/mint-nft","timestamp":"2023-05-02T14:00:16.092Z"}
{"level":"info","message":"POST /v1/nft/mint-nft","timestamp":"2023-05-02T14:00:16.221Z"}
{"level":"info","message":"OPTIONS /v1/nft/mint-nft","timestamp":"2023-05-02T14:02:22.014Z"}
{"level":"info","message":"POST /v1/nft/mint-nft","timestamp":"2023-05-02T14:02:22.121Z"}
{"level":"info","message":"OPTIONS /v1/nft/mint-nft","timestamp":"2023-05-02T14:03:48.558Z"}
{"level":"info","message":"POST /v1/nft/mint-nft","timestamp":"2023-05-02T14:03:48.657Z"}
{"level":"info","message":"OPTIONS /v1/nft/mint-nft","timestamp":"2023-05-02T14:05:56.122Z"}
{"level":"info","message":"POST /v1/nft/mint-nft","timestamp":"2023-05-02T14:05:56.169Z"}
{"level":"info","message":"OPTIONS /v1/nft/mint-nft","timestamp":"2023-05-02T14:08:28.546Z"}
{"level":"info","message":"POST /v1/nft/mint-nft","timestamp":"2023-05-02T14:08:28.670Z"}
{"level":"info","message":"OPTIONS /v1/nft/mint-nft","timestamp":"2023-05-02T14:09:27.525Z"}
{"level":"info","message":"POST /v1/nft/mint-nft","timestamp":"2023-05-02T14:09:27.669Z"}
{"level":"info","message":"OPTIONS /v1/nft/mint-nft","timestamp":"2023-05-02T14:10:49.802Z"}
{"level":"info","message":"POST /v1/nft/mint-nft","timestamp":"2023-05-02T14:10:49.913Z"}
{"level":"info","message":"OPTIONS /v1/nft/mint-nft","timestamp":"2023-05-02T14:13:15.459Z"}
{"level":"info","message":"POST /v1/nft/mint-nft","timestamp":"2023-05-02T14:13:15.567Z"}
{"level":"info","message":"OPTIONS /v1/nft/mint-nft","timestamp":"2023-05-02T14:14:08.005Z"}
{"level":"info","message":"POST /v1/nft/mint-nft","timestamp":"2023-05-02T14:14:08.149Z"}
{"level":"info","message":"OPTIONS /v1/nft/mint-nft","timestamp":"2023-05-02T14:30:54.251Z"}
{"level":"info","message":"POST /v1/nft/mint-nft","timestamp":"2023-05-02T14:30:54.333Z"}
